[0.016s] Invoking command in '/home/hernan/Projects/softwaretechnologie-uebung/uebung3/build/hello_world': CMAKE_PREFIX_PATH=/opt/ros/eloquent /usr/bin/cmake --build /home/hernan/Projects/softwaretechnologie-uebung/uebung3/build/hello_world -- -j8 -l8
[0.062s] [35m[1mScanning dependencies of target talker[0m
[0.086s] [ 50%] [32mBuilding CXX object CMakeFiles/talker.dir/src/publisher_member_function.cpp.o[0m
[2.409s] [100%] [32m[1mLinking CXX executable talker[0m
[2.571s] [100%] Built target talker
[2.582s] Invoked command in '/home/hernan/Projects/softwaretechnologie-uebung/uebung3/build/hello_world' returned '0': CMAKE_PREFIX_PATH=/opt/ros/eloquent /usr/bin/cmake --build /home/hernan/Projects/softwaretechnologie-uebung/uebung3/build/hello_world -- -j8 -l8
[2.608s] Invoking command in '/home/hernan/Projects/softwaretechnologie-uebung/uebung3/build/hello_world': CMAKE_PREFIX_PATH=/opt/ros/eloquent /usr/bin/cmake --build /home/hernan/Projects/softwaretechnologie-uebung/uebung3/build/hello_world --target install -- -j8 -l8
[2.669s] [100%] Built target talker
[2.691s] [36mInstall the project...[0m
[2.702s] -- Install configuration: ""
[2.702s] -- Installing: /home/hernan/Projects/softwaretechnologie-uebung/uebung3/install/hello_world/lib/hello_world/talker
[2.703s] -- Set runtime path of "/home/hernan/Projects/softwaretechnologie-uebung/uebung3/install/hello_world/lib/hello_world/talker" to ""
[2.703s] -- Installing: /home/hernan/Projects/softwaretechnologie-uebung/uebung3/install/hello_world/share/ament_index/resource_index/package_run_dependencies/hello_world
[2.703s] -- Installing: /home/hernan/Projects/softwaretechnologie-uebung/uebung3/install/hello_world/share/ament_index/resource_index/parent_prefix_path/hello_world
[2.704s] -- Installing: /home/hernan/Projects/softwaretechnologie-uebung/uebung3/install/hello_world/share/hello_world/environment/ament_prefix_path.sh
[2.704s] -- Installing: /home/hernan/Projects/softwaretechnologie-uebung/uebung3/install/hello_world/share/hello_world/environment/ament_prefix_path.dsv
[2.704s] -- Installing: /home/hernan/Projects/softwaretechnologie-uebung/uebung3/install/hello_world/share/hello_world/environment/path.sh
[2.704s] -- Installing: /home/hernan/Projects/softwaretechnologie-uebung/uebung3/install/hello_world/share/hello_world/environment/path.dsv
[2.704s] -- Installing: /home/hernan/Projects/softwaretechnologie-uebung/uebung3/install/hello_world/share/hello_world/local_setup.bash
[2.705s] -- Installing: /home/hernan/Projects/softwaretechnologie-uebung/uebung3/install/hello_world/share/hello_world/local_setup.sh
[2.705s] -- Installing: /home/hernan/Projects/softwaretechnologie-uebung/uebung3/install/hello_world/share/hello_world/local_setup.zsh
[2.705s] -- Installing: /home/hernan/Projects/softwaretechnologie-uebung/uebung3/install/hello_world/share/hello_world/local_setup.dsv
[2.705s] -- Installing: /home/hernan/Projects/softwaretechnologie-uebung/uebung3/install/hello_world/share/hello_world/package.dsv
[2.705s] -- Installing: /home/hernan/Projects/softwaretechnologie-uebung/uebung3/install/hello_world/share/ament_index/resource_index/packages/hello_world
[2.705s] -- Installing: /home/hernan/Projects/softwaretechnologie-uebung/uebung3/install/hello_world/share/hello_world/cmake/hello_worldConfig.cmake
[2.706s] -- Installing: /home/hernan/Projects/softwaretechnologie-uebung/uebung3/install/hello_world/share/hello_world/cmake/hello_worldConfig-version.cmake
[2.706s] -- Installing: /home/hernan/Projects/softwaretechnologie-uebung/uebung3/install/hello_world/share/hello_world/package.xml
[2.709s] Invoked command in '/home/hernan/Projects/softwaretechnologie-uebung/uebung3/build/hello_world' returned '0': CMAKE_PREFIX_PATH=/opt/ros/eloquent /usr/bin/cmake --build /home/hernan/Projects/softwaretechnologie-uebung/uebung3/build/hello_world --target install -- -j8 -l8
