[0.395s] -- The C compiler identification is GNU 7.4.0
[0.567s] -- The CXX compiler identification is GNU 7.4.0
[0.583s] -- Check for working C compiler: /usr/bin/cc
[0.751s] -- Check for working C compiler: /usr/bin/cc -- works
[0.753s] -- Detecting C compiler ABI info
[0.928s] -- Detecting C compiler ABI info - done
[0.929s] -- Detecting C compile features
[1.396s] -- Detecting C compile features - done
[1.406s] -- Check for working CXX compiler: /usr/bin/c++
[1.598s] -- Check for working CXX compiler: /usr/bin/c++ -- works
[1.598s] -- Detecting CXX compiler ABI info
[1.769s] -- Detecting CXX compiler ABI info - done
[1.775s] -- Detecting CXX compile features
[2.439s] -- Detecting CXX compile features - done
[2.612s] -- Found ament_cmake: 0.8.2 (/home/hernan/ros2_eloquent/install/ament_cmake/share/ament_cmake/cmake)
[3.136s] -- Found PythonInterp: /usr/bin/python3 (found suitable version "3.6.9", minimum required is "3") 
[3.137s] -- Using PYTHON_EXECUTABLE: /usr/bin/python3
[3.907s] -- Override CMake install command with custom implementation using symlinks instead of copying resources
[4.277s] -- Found rclcpp: 0.8.3 (/home/hernan/ros2_eloquent/install/rclcpp/share/rclcpp/cmake)
[4.728s] -- Found rosidl_adapter: 0.8.1 (/home/hernan/ros2_eloquent/install/rosidl_adapter/share/rosidl_adapter/cmake)
[4.922s] -- Found rmw_implementation_cmake: 0.8.1 (/home/hernan/ros2_eloquent/install/rmw_implementation_cmake/share/rmw_implementation_cmake/cmake)
[4.973s] -- Using RMW implementation 'rmw_fastrtps_cpp' as default
[4.976s] -- Looking for pthread.h
[5.127s] -- Looking for pthread.h - found
[5.128s] -- Looking for pthread_create
[5.290s] -- Looking for pthread_create - not found
[5.292s] -- Looking for pthread_create in pthreads
[5.439s] -- Looking for pthread_create in pthreads - not found
[5.439s] -- Looking for pthread_create in pthread
[5.605s] -- Looking for pthread_create in pthread - found
[5.607s] -- Found Threads: TRUE  
[6.521s] -- Configuring incomplete, errors occurred!
[6.521s] See also "/home/hernan/softwaretechnologie-uebung/uebung3/src/hello_world/build/hello_world/CMakeFiles/CMakeOutput.log".
[6.521s] See also "/home/hernan/softwaretechnologie-uebung/uebung3/src/hello_world/build/hello_world/CMakeFiles/CMakeError.log".
