[0.108s] Invoking command in '/home/hernan/softwaretechnologie-uebung/uebung3/src/hello_world/build/hello_world': CMAKE_PREFIX_PATH=/home/hernan/ros2_eloquent/install/ros2bag:/home/hernan/ros2_eloquent/install/tracetools_launch:/home/hernan/ros2_eloquent/install/topic_monitor:/home/hernan/ros2_eloquent/install/examples_tf2_py:/home/hernan/ros2_eloquent/install/sros2:/home/hernan/ros2_eloquent/install/rqt_topic:/home/hernan/ros2_eloquent/install/rqt_reconfigure:/home/hernan/ros2_eloquent/install/rqt_action:/home/hernan/ros2_eloquent/install/rqt:/home/hernan/ros2_eloquent/install/rqt_graph:/home/hernan/ros2_eloquent/install/rqt_gui_py:/home/hernan/ros2_eloquent/install/rqt_gui:/home/hernan/ros2_eloquent/install/ros2trace:/home/hernan/ros2_eloquent/install/ros2topic:/home/hernan/ros2_eloquent/install/ros2test:/home/hernan/ros2_eloquent/install/ros2srv:/home/hernan/ros2_eloquent/install/ros2component:/home/hernan/ros2_eloquent/install/ros2param:/home/hernan/ros2_eloquent/install/ros2lifecycle:/home/hernan/ros2_eloquent/install/ros2service:/home/hernan/ros2_eloquent/install/ros2run:/home/hernan/ros2_eloquent/install/ros2launch:/home/hernan/ros2_eloquent/install/ros2pkg:/home/hernan/ros2_eloquent/install/ros2node:/home/hernan/ros2_eloquent/install/ros2multicast:/home/hernan/ros2_eloquent/install/ros2msg:/home/hernan/ros2_eloquent/install/ros2interface:/home/hernan/ros2_eloquent/install/ros2doctor:/home/hernan/ros2_eloquent/install/ros2action:/home/hernan/ros2_eloquent/install/ros2cli:/home/hernan/ros2_eloquent/install/quality_of_service_demo_py:/home/hernan/ros2_eloquent/install/launch_testing_ros:/home/hernan/ros2_eloquent/install/launch_ros:/home/hernan/ros2_eloquent/install/examples_rclpy_minimal_subscriber:/home/hernan/ros2_eloquent/install/examples_rclpy_minimal_service:/home/hernan/ros2_eloquent/install/examples_rclpy_minimal_publisher:/home/hernan/ros2_eloquent/install/examples_rclpy_minimal_client:/home/hernan/ros2_eloquent/install/examples_rclpy_minimal_action_server:/home/hernan/ros2_eloquent/install/examples_rclpy_minimal_action_client:/home/hernan/ros2_eloquent/install/examples_rclpy_executors:/home/hernan/ros2_eloquent/install/demo_nodes_py:/home/hernan/ros2_eloquent/install/action_tutorials_py:/home/hernan/ros2_eloquent/install/ament_uncrustify:/home/hernan/ros2_eloquent/install/tracetools_trace:/home/hernan/ros2_eloquent/install/tracetools_read:/home/hernan/ros2_eloquent/install/test_launch_ros:/home/hernan/ros2_eloquent/install/rosidl_runtime_py:/home/hernan/ros2_eloquent/install/launch_yaml:/home/hernan/ros2_eloquent/install/launch_xml:/home/hernan/ros2_eloquent/install/launch_testing:/home/hernan/ros2_eloquent/install/launch:/home/hernan/ros2_eloquent/install/osrf_pycommon:/home/hernan/ros2_eloquent/install/domain_coordinator:/home/hernan/ros2_eloquent/install/ament_xmllint:/home/hernan/ros2_eloquent/install/ament_pyflakes:/home/hernan/ros2_eloquent/install/ament_pep8:/home/hernan/ros2_eloquent/install/ament_pep257:/home/hernan/ros2_eloquent/install/ament_pclint:/home/hernan/ros2_eloquent/install/ament_package:/home/hernan/ros2_eloquent/install/ament_mypy:/home/hernan/ros2_eloquent/install/ament_lint_cmake:/home/hernan/ros2_eloquent/install/ament_flake8:/home/hernan/ros2_eloquent/install/ament_copyright:/home/hernan/ros2_eloquent/install/ament_lint:/home/hernan/ros2_eloquent/install/ament_index_python:/home/hernan/ros2_eloquent/install/ament_cpplint:/home/hernan/ros2_eloquent/install/ament_cppcheck:/home/hernan/ros2_eloquent/install/ament_clang_tidy:/home/hernan/ros2_eloquent/install/ament_clang_format:${CMAKE_PREFIX_PATH} /usr/bin/cmake /home/hernan/softwaretechnologie-uebung/uebung3/src/hello_world -DAMENT_CMAKE_SYMLINK_INSTALL=1 -DCMAKE_INSTALL_PREFIX=/home/hernan/softwaretechnologie-uebung/uebung3/src/hello_world/install/hello_world
[0.395s] -- The C compiler identification is GNU 7.4.0
[0.567s] -- The CXX compiler identification is GNU 7.4.0
[0.583s] -- Check for working C compiler: /usr/bin/cc
[0.751s] -- Check for working C compiler: /usr/bin/cc -- works
[0.753s] -- Detecting C compiler ABI info
[0.928s] -- Detecting C compiler ABI info - done
[0.929s] -- Detecting C compile features
[1.396s] -- Detecting C compile features - done
[1.406s] -- Check for working CXX compiler: /usr/bin/c++
[1.598s] -- Check for working CXX compiler: /usr/bin/c++ -- works
[1.598s] -- Detecting CXX compiler ABI info
[1.769s] -- Detecting CXX compiler ABI info - done
[1.775s] -- Detecting CXX compile features
[2.439s] -- Detecting CXX compile features - done
[2.612s] -- Found ament_cmake: 0.8.2 (/home/hernan/ros2_eloquent/install/ament_cmake/share/ament_cmake/cmake)
[3.136s] -- Found PythonInterp: /usr/bin/python3 (found suitable version "3.6.9", minimum required is "3") 
[3.137s] -- Using PYTHON_EXECUTABLE: /usr/bin/python3
[3.907s] -- Override CMake install command with custom implementation using symlinks instead of copying resources
[4.277s] -- Found rclcpp: 0.8.3 (/home/hernan/ros2_eloquent/install/rclcpp/share/rclcpp/cmake)
[4.728s] -- Found rosidl_adapter: 0.8.1 (/home/hernan/ros2_eloquent/install/rosidl_adapter/share/rosidl_adapter/cmake)
[4.922s] -- Found rmw_implementation_cmake: 0.8.1 (/home/hernan/ros2_eloquent/install/rmw_implementation_cmake/share/rmw_implementation_cmake/cmake)
[4.973s] -- Using RMW implementation 'rmw_fastrtps_cpp' as default
[4.976s] -- Looking for pthread.h
[5.127s] -- Looking for pthread.h - found
[5.128s] -- Looking for pthread_create
[5.290s] -- Looking for pthread_create - not found
[5.292s] -- Looking for pthread_create in pthreads
[5.439s] -- Looking for pthread_create in pthreads - not found
[5.439s] -- Looking for pthread_create in pthread
[5.605s] -- Looking for pthread_create in pthread - found
[5.607s] -- Found Threads: TRUE  
[6.519s] CMake Error at /home/hernan/ros2_eloquent/install/ament_cmake_core/share/ament_cmake_core/cmake/core/ament_package_xml.cmake:53 (message):
[6.519s]   ament_package_xml() package name 'hello_world' in '/package.xml' does not
[6.519s]   match current PROJECT_NAME 'cpp_pubsub'.  You must call project() with the
[6.519s]   same package name before.
[6.519s] Call Stack (most recent call first):
[6.520s]   /home/hernan/ros2_eloquent/install/ament_cmake_core/share/ament_cmake_core/cmake/core/ament_package.cmake:63 (ament_package_xml)
[6.520s]   CMakeLists.txt:24 (ament_package)
[6.520s] 
[6.520s] 
[6.521s] -- Configuring incomplete, errors occurred!
[6.521s] See also "/home/hernan/softwaretechnologie-uebung/uebung3/src/hello_world/build/hello_world/CMakeFiles/CMakeOutput.log".
[6.521s] See also "/home/hernan/softwaretechnologie-uebung/uebung3/src/hello_world/build/hello_world/CMakeFiles/CMakeError.log".
[6.527s] Invoked command in '/home/hernan/softwaretechnologie-uebung/uebung3/src/hello_world/build/hello_world' returned '1': CMAKE_PREFIX_PATH=/home/hernan/ros2_eloquent/install/ros2bag:/home/hernan/ros2_eloquent/install/tracetools_launch:/home/hernan/ros2_eloquent/install/topic_monitor:/home/hernan/ros2_eloquent/install/examples_tf2_py:/home/hernan/ros2_eloquent/install/sros2:/home/hernan/ros2_eloquent/install/rqt_topic:/home/hernan/ros2_eloquent/install/rqt_reconfigure:/home/hernan/ros2_eloquent/install/rqt_action:/home/hernan/ros2_eloquent/install/rqt:/home/hernan/ros2_eloquent/install/rqt_graph:/home/hernan/ros2_eloquent/install/rqt_gui_py:/home/hernan/ros2_eloquent/install/rqt_gui:/home/hernan/ros2_eloquent/install/ros2trace:/home/hernan/ros2_eloquent/install/ros2topic:/home/hernan/ros2_eloquent/install/ros2test:/home/hernan/ros2_eloquent/install/ros2srv:/home/hernan/ros2_eloquent/install/ros2component:/home/hernan/ros2_eloquent/install/ros2param:/home/hernan/ros2_eloquent/install/ros2lifecycle:/home/hernan/ros2_eloquent/install/ros2service:/home/hernan/ros2_eloquent/install/ros2run:/home/hernan/ros2_eloquent/install/ros2launch:/home/hernan/ros2_eloquent/install/ros2pkg:/home/hernan/ros2_eloquent/install/ros2node:/home/hernan/ros2_eloquent/install/ros2multicast:/home/hernan/ros2_eloquent/install/ros2msg:/home/hernan/ros2_eloquent/install/ros2interface:/home/hernan/ros2_eloquent/install/ros2doctor:/home/hernan/ros2_eloquent/install/ros2action:/home/hernan/ros2_eloquent/install/ros2cli:/home/hernan/ros2_eloquent/install/quality_of_service_demo_py:/home/hernan/ros2_eloquent/install/launch_testing_ros:/home/hernan/ros2_eloquent/install/launch_ros:/home/hernan/ros2_eloquent/install/examples_rclpy_minimal_subscriber:/home/hernan/ros2_eloquent/install/examples_rclpy_minimal_service:/home/hernan/ros2_eloquent/install/examples_rclpy_minimal_publisher:/home/hernan/ros2_eloquent/install/examples_rclpy_minimal_client:/home/hernan/ros2_eloquent/install/examples_rclpy_minimal_action_server:/home/hernan/ros2_eloquent/install/examples_rclpy_minimal_action_client:/home/hernan/ros2_eloquent/install/examples_rclpy_executors:/home/hernan/ros2_eloquent/install/demo_nodes_py:/home/hernan/ros2_eloquent/install/action_tutorials_py:/home/hernan/ros2_eloquent/install/ament_uncrustify:/home/hernan/ros2_eloquent/install/tracetools_trace:/home/hernan/ros2_eloquent/install/tracetools_read:/home/hernan/ros2_eloquent/install/test_launch_ros:/home/hernan/ros2_eloquent/install/rosidl_runtime_py:/home/hernan/ros2_eloquent/install/launch_yaml:/home/hernan/ros2_eloquent/install/launch_xml:/home/hernan/ros2_eloquent/install/launch_testing:/home/hernan/ros2_eloquent/install/launch:/home/hernan/ros2_eloquent/install/osrf_pycommon:/home/hernan/ros2_eloquent/install/domain_coordinator:/home/hernan/ros2_eloquent/install/ament_xmllint:/home/hernan/ros2_eloquent/install/ament_pyflakes:/home/hernan/ros2_eloquent/install/ament_pep8:/home/hernan/ros2_eloquent/install/ament_pep257:/home/hernan/ros2_eloquent/install/ament_pclint:/home/hernan/ros2_eloquent/install/ament_package:/home/hernan/ros2_eloquent/install/ament_mypy:/home/hernan/ros2_eloquent/install/ament_lint_cmake:/home/hernan/ros2_eloquent/install/ament_flake8:/home/hernan/ros2_eloquent/install/ament_copyright:/home/hernan/ros2_eloquent/install/ament_lint:/home/hernan/ros2_eloquent/install/ament_index_python:/home/hernan/ros2_eloquent/install/ament_cpplint:/home/hernan/ros2_eloquent/install/ament_cppcheck:/home/hernan/ros2_eloquent/install/ament_clang_tidy:/home/hernan/ros2_eloquent/install/ament_clang_format:${CMAKE_PREFIX_PATH} /usr/bin/cmake /home/hernan/softwaretechnologie-uebung/uebung3/src/hello_world -DAMENT_CMAKE_SYMLINK_INSTALL=1 -DCMAKE_INSTALL_PREFIX=/home/hernan/softwaretechnologie-uebung/uebung3/src/hello_world/install/hello_world
