[0.120s] DEBUG:colcon:Command line arguments: ['/usr/bin/colcon', 'build', '--packages-select', 'hello_world']
[0.121s] DEBUG:colcon:Parsed command line arguments: Namespace(ament_cmake_args=None, base_paths=['.'], build_base='build', catkin_cmake_args=None, catkin_skip_building_tests=False, cmake_args=None, cmake_clean_cache=False, cmake_clean_first=False, cmake_force_configure=False, cmake_target=None, cmake_target_skip_unavailable=False, continue_on_error=False, event_handlers=None, executor='parallel', ignore_user_meta=False, install_base='install', log_base=None, log_level=None, main=<bound method BuildVerb.main of <colcon_core.verb.build.BuildVerb object at 0x7f0e1d6ed198>>, merge_install=False, metas=['./colcon.meta'], packages_above=None, packages_above_depth=None, packages_end=None, packages_ignore=None, packages_ignore_regex=None, packages_select=['hello_world'], packages_select_build_failed=False, packages_select_by_dep=None, packages_select_regex=None, packages_select_test_failures=False, packages_skip=None, packages_skip_build_finished=False, packages_skip_by_dep=None, packages_skip_regex=None, packages_skip_test_passed=False, packages_skip_up_to=None, packages_start=None, packages_up_to=None, parallel_workers=8, paths=None, symlink_install=False, test_result_base=None, verb_extension=<colcon_core.verb.build.BuildVerb object at 0x7f0e1d6ed198>, verb_name='build', verb_parser=<colcon_defaults.argument_parser.defaults.DefaultArgumentsDecorator object at 0x7f0e1de5e390>)
[0.157s] Level 1:colcon.colcon_core.package_discovery:discover_packages(colcon_meta) check parameters
[0.157s] Level 1:colcon.colcon_core.package_discovery:discover_packages(recursive) check parameters
[0.157s] Level 1:colcon.colcon_core.package_discovery:discover_packages(ignore) check parameters
[0.157s] Level 1:colcon.colcon_core.package_discovery:discover_packages(path) check parameters
[0.157s] Level 1:colcon.colcon_core.package_discovery:discover_packages(colcon_meta) discover
[0.158s] Level 1:colcon.colcon_core.package_discovery:discover_packages(recursive) discover
[0.158s] INFO:colcon.colcon_core.package_discovery:Crawling recursively for packages in '/home/hernan/Projects/softwaretechnologie-uebung/uebung3/src'
[0.158s] Level 1:colcon.colcon_core.package_identification:_identify(.) by extensions ['ignore', 'ignore_ament_install']
[0.158s] Level 1:colcon.colcon_core.package_identification:_identify(.) by extension 'ignore'
[0.158s] Level 1:colcon.colcon_core.package_identification:_identify(.) by extension 'ignore_ament_install'
[0.158s] Level 1:colcon.colcon_core.package_identification:_identify(.) by extensions ['colcon_pkg']
[0.158s] Level 1:colcon.colcon_core.package_identification:_identify(.) by extension 'colcon_pkg'
[0.158s] Level 1:colcon.colcon_core.package_identification:_identify(.) by extensions ['colcon_meta']
[0.158s] Level 1:colcon.colcon_core.package_identification:_identify(.) by extension 'colcon_meta'
[0.158s] Level 1:colcon.colcon_core.package_identification:_identify(.) by extensions ['ros']
[0.159s] Level 1:colcon.colcon_core.package_identification:_identify(.) by extension 'ros'
[0.169s] Level 1:colcon.colcon_core.package_identification:_identify(.) by extensions ['cmake', 'python']
[0.169s] Level 1:colcon.colcon_core.package_identification:_identify(.) by extension 'cmake'
[0.170s] Level 1:colcon.colcon_core.package_identification:_identify(.) by extension 'python'
[0.170s] Level 1:colcon.colcon_core.package_identification:_identify(.) by extensions ['python_setup_py']
[0.170s] Level 1:colcon.colcon_core.package_identification:_identify(.) by extension 'python_setup_py'
[0.170s] Level 1:colcon.colcon_core.package_identification:_identify(build) by extensions ['ignore', 'ignore_ament_install']
[0.170s] Level 1:colcon.colcon_core.package_identification:_identify(build) by extension 'ignore'
[0.170s] Level 1:colcon.colcon_core.package_identification:_identify(build) ignored
[0.171s] Level 1:colcon.colcon_core.package_identification:_identify(hello_world) by extensions ['ignore', 'ignore_ament_install']
[0.171s] Level 1:colcon.colcon_core.package_identification:_identify(hello_world) by extension 'ignore'
[0.171s] Level 1:colcon.colcon_core.package_identification:_identify(hello_world) by extension 'ignore_ament_install'
[0.171s] Level 1:colcon.colcon_core.package_identification:_identify(hello_world) by extensions ['colcon_pkg']
[0.171s] Level 1:colcon.colcon_core.package_identification:_identify(hello_world) by extension 'colcon_pkg'
[0.171s] Level 1:colcon.colcon_core.package_identification:_identify(hello_world) by extensions ['colcon_meta']
[0.171s] Level 1:colcon.colcon_core.package_identification:_identify(hello_world) by extension 'colcon_meta'
[0.171s] Level 1:colcon.colcon_core.package_identification:_identify(hello_world) by extensions ['ros']
[0.171s] Level 1:colcon.colcon_core.package_identification:_identify(hello_world) by extension 'ros'
[0.174s] DEBUG:colcon.colcon_core.package_identification:Package 'hello_world' with type 'ros.ament_cmake' and name 'hello_world'
[0.174s] Level 1:colcon.colcon_core.package_identification:_identify(install) by extensions ['ignore', 'ignore_ament_install']
[0.174s] Level 1:colcon.colcon_core.package_identification:_identify(install) by extension 'ignore'
[0.174s] Level 1:colcon.colcon_core.package_identification:_identify(install) ignored
[0.174s] Level 1:colcon.colcon_core.package_identification:_identify(log) by extensions ['ignore', 'ignore_ament_install']
[0.174s] Level 1:colcon.colcon_core.package_identification:_identify(log) by extension 'ignore'
[0.174s] Level 1:colcon.colcon_core.package_identification:_identify(log) ignored
[0.174s] Level 1:colcon.colcon_core.package_identification:_identify(ping_pong) by extensions ['ignore', 'ignore_ament_install']
[0.175s] Level 1:colcon.colcon_core.package_identification:_identify(ping_pong) by extension 'ignore'
[0.175s] Level 1:colcon.colcon_core.package_identification:_identify(ping_pong) by extension 'ignore_ament_install'
[0.175s] Level 1:colcon.colcon_core.package_identification:_identify(ping_pong) by extensions ['colcon_pkg']
[0.175s] Level 1:colcon.colcon_core.package_identification:_identify(ping_pong) by extension 'colcon_pkg'
[0.175s] Level 1:colcon.colcon_core.package_identification:_identify(ping_pong) by extensions ['colcon_meta']
[0.175s] Level 1:colcon.colcon_core.package_identification:_identify(ping_pong) by extension 'colcon_meta'
[0.175s] Level 1:colcon.colcon_core.package_identification:_identify(ping_pong) by extensions ['ros']
[0.175s] Level 1:colcon.colcon_core.package_identification:_identify(ping_pong) by extension 'ros'
[0.176s] DEBUG:colcon.colcon_core.package_identification:Package 'ping_pong' with type 'ros.ament_cmake' and name 'ping_pong'
[0.176s] Level 1:colcon.colcon_core.package_discovery:discover_packages(recursive) using defaults
[0.176s] Level 1:colcon.colcon_core.package_discovery:discover_packages(ignore) discover
[0.176s] Level 1:colcon.colcon_core.package_discovery:discover_packages(ignore) using defaults
[0.176s] Level 1:colcon.colcon_core.package_discovery:discover_packages(path) discover
[0.176s] Level 1:colcon.colcon_core.package_discovery:discover_packages(path) using defaults
[0.179s] INFO:colcon.colcon_core.package_selection:Skipping not selected package 'ping_pong' in 'ping_pong'
[0.182s] Level 5:colcon.colcon_core.verb:set package 'hello_world' build argument 'cmake_args' from command line to 'None'
[0.182s] Level 5:colcon.colcon_core.verb:set package 'hello_world' build argument 'cmake_target' from command line to 'None'
[0.182s] Level 5:colcon.colcon_core.verb:set package 'hello_world' build argument 'cmake_target_skip_unavailable' from command line to 'False'
[0.182s] Level 5:colcon.colcon_core.verb:set package 'hello_world' build argument 'cmake_clean_cache' from command line to 'False'
[0.182s] Level 5:colcon.colcon_core.verb:set package 'hello_world' build argument 'cmake_clean_first' from command line to 'False'
[0.182s] Level 5:colcon.colcon_core.verb:set package 'hello_world' build argument 'cmake_force_configure' from command line to 'False'
[0.182s] Level 5:colcon.colcon_core.verb:set package 'hello_world' build argument 'ament_cmake_args' from command line to 'None'
[0.182s] Level 5:colcon.colcon_core.verb:set package 'hello_world' build argument 'catkin_cmake_args' from command line to 'None'
[0.182s] Level 5:colcon.colcon_core.verb:set package 'hello_world' build argument 'catkin_skip_building_tests' from command line to 'False'
[0.182s] DEBUG:colcon.colcon_core.verb:Building package 'hello_world' with the following arguments: {'ament_cmake_args': None, 'build_base': '/home/hernan/Projects/softwaretechnologie-uebung/uebung3/src/build/hello_world', 'catkin_cmake_args': None, 'catkin_skip_building_tests': False, 'cmake_args': None, 'cmake_clean_cache': False, 'cmake_clean_first': False, 'cmake_force_configure': False, 'cmake_target': None, 'cmake_target_skip_unavailable': False, 'install_base': '/home/hernan/Projects/softwaretechnologie-uebung/uebung3/src/install/hello_world', 'merge_install': False, 'path': '/home/hernan/Projects/softwaretechnologie-uebung/uebung3/src/hello_world', 'symlink_install': False, 'test_result_base': None}
[0.183s] INFO:colcon.colcon_core.executor:Executing jobs using 'parallel' executor
[0.185s] DEBUG:colcon.colcon_parallel_executor.executor.parallel:run_until_complete
[0.185s] INFO:colcon.colcon_ros.task.ament_cmake.build:Building ROS package in '/home/hernan/Projects/softwaretechnologie-uebung/uebung3/src/hello_world' with build type 'ament_cmake'
[0.190s] INFO:colcon.colcon_core.plugin_system:Skipping extension 'colcon_core.shell.bat': Not used on non-Windows systems
[0.190s] INFO:colcon.colcon_cmake.task.cmake.build:Building CMake package in '/home/hernan/Projects/softwaretechnologie-uebung/uebung3/src/hello_world'
[0.191s] INFO:colcon.colcon_core.shell:Skip shell extension 'powershell' for command environment: Not usable outside of PowerShell
[0.191s] DEBUG:colcon.colcon_core.shell:Skip shell extension 'dsv' for command environment
[0.194s] DEBUG:colcon.colcon_core.shell:Ignoring prefix path '/opt/ros/eloquent'
[0.210s] DEBUG:colcon.colcon_core.event_handler.log_command:Invoking command in '/home/hernan/Projects/softwaretechnologie-uebung/uebung3/src/build/hello_world': CMAKE_PREFIX_PATH=/opt/ros/eloquent /usr/bin/cmake /home/hernan/Projects/softwaretechnologie-uebung/uebung3/src/hello_world -DCMAKE_INSTALL_PREFIX=/home/hernan/Projects/softwaretechnologie-uebung/uebung3/src/install/hello_world
[2.040s] DEBUG:colcon.colcon_core.event_handler.log_command:Invoked command in '/home/hernan/Projects/softwaretechnologie-uebung/uebung3/src/build/hello_world' returned '0': CMAKE_PREFIX_PATH=/opt/ros/eloquent /usr/bin/cmake /home/hernan/Projects/softwaretechnologie-uebung/uebung3/src/hello_world -DCMAKE_INSTALL_PREFIX=/home/hernan/Projects/softwaretechnologie-uebung/uebung3/src/install/hello_world
[2.043s] DEBUG:colcon.colcon_core.event_handler.log_command:Invoking command in '/home/hernan/Projects/softwaretechnologie-uebung/uebung3/src/build/hello_world': CMAKE_PREFIX_PATH=/opt/ros/eloquent /usr/bin/cmake --build /home/hernan/Projects/softwaretechnologie-uebung/uebung3/src/build/hello_world -- -j8 -l8
[4.678s] DEBUG:colcon.colcon_core.event_handler.log_command:Invoked command in '/home/hernan/Projects/softwaretechnologie-uebung/uebung3/src/build/hello_world' returned '0': CMAKE_PREFIX_PATH=/opt/ros/eloquent /usr/bin/cmake --build /home/hernan/Projects/softwaretechnologie-uebung/uebung3/src/build/hello_world -- -j8 -l8
[4.705s] DEBUG:colcon.colcon_core.event_handler.log_command:Invoking command in '/home/hernan/Projects/softwaretechnologie-uebung/uebung3/src/build/hello_world': CMAKE_PREFIX_PATH=/opt/ros/eloquent /usr/bin/cmake --build /home/hernan/Projects/softwaretechnologie-uebung/uebung3/src/build/hello_world --target install -- -j8 -l8
[4.799s] Level 1:colcon.colcon_core.environment:create_environment_scripts_only(hello_world)
[4.800s] DEBUG:colcon.colcon_core.event_handler.log_command:Invoked command in '/home/hernan/Projects/softwaretechnologie-uebung/uebung3/src/build/hello_world' returned '0': CMAKE_PREFIX_PATH=/opt/ros/eloquent /usr/bin/cmake --build /home/hernan/Projects/softwaretechnologie-uebung/uebung3/src/build/hello_world --target install -- -j8 -l8
[4.803s] Level 1:colcon.colcon_core.environment:checking '/home/hernan/Projects/softwaretechnologie-uebung/uebung3/src/install/hello_world' for CMake module files
[4.804s] Level 1:colcon.colcon_core.environment:checking '/home/hernan/Projects/softwaretechnologie-uebung/uebung3/src/install/hello_world' for CMake config files
[4.804s] Level 1:colcon.colcon_core.shell:create_environment_hook('hello_world', 'cmake_prefix_path')
[4.805s] INFO:colcon.colcon_core.shell:Creating environment hook '/home/hernan/Projects/softwaretechnologie-uebung/uebung3/src/install/hello_world/share/hello_world/hook/cmake_prefix_path.ps1'
[4.805s] INFO:colcon.colcon_core.shell:Creating environment descriptor '/home/hernan/Projects/softwaretechnologie-uebung/uebung3/src/install/hello_world/share/hello_world/hook/cmake_prefix_path.dsv'
[4.806s] INFO:colcon.colcon_core.shell:Creating environment hook '/home/hernan/Projects/softwaretechnologie-uebung/uebung3/src/install/hello_world/share/hello_world/hook/cmake_prefix_path.sh'
[4.807s] Level 1:colcon.colcon_core.environment:checking '/home/hernan/Projects/softwaretechnologie-uebung/uebung3/src/install/hello_world/lib'
[4.807s] Level 1:colcon.colcon_core.environment:checking '/home/hernan/Projects/softwaretechnologie-uebung/uebung3/src/install/hello_world/bin'
[4.808s] Level 1:colcon.colcon_core.environment:checking '/home/hernan/Projects/softwaretechnologie-uebung/uebung3/src/install/hello_world/lib/pkgconfig/hello_world.pc'
[4.808s] Level 1:colcon.colcon_core.environment:checking '/home/hernan/Projects/softwaretechnologie-uebung/uebung3/src/install/hello_world/lib/python3.6/site-packages'
[4.809s] INFO:colcon.colcon_core.shell:Creating package script '/home/hernan/Projects/softwaretechnologie-uebung/uebung3/src/install/hello_world/share/hello_world/package.ps1'
[4.822s] INFO:colcon.colcon_core.shell:Creating package descriptor '/home/hernan/Projects/softwaretechnologie-uebung/uebung3/src/install/hello_world/share/hello_world/package.dsv'
[4.822s] INFO:colcon.colcon_core.shell:Creating package script '/home/hernan/Projects/softwaretechnologie-uebung/uebung3/src/install/hello_world/share/hello_world/package.sh'
[4.823s] INFO:colcon.colcon_core.shell:Creating package script '/home/hernan/Projects/softwaretechnologie-uebung/uebung3/src/install/hello_world/share/hello_world/package.bash'
[4.824s] INFO:colcon.colcon_core.shell:Creating package script '/home/hernan/Projects/softwaretechnologie-uebung/uebung3/src/install/hello_world/share/hello_world/package.zsh'
[4.825s] Level 1:colcon.colcon_core.environment:create_file_with_runtime_dependencies(/home/hernan/Projects/softwaretechnologie-uebung/uebung3/src/install/hello_world/share/colcon-core/packages/hello_world)
[4.825s] DEBUG:colcon.colcon_parallel_executor.executor.parallel:closing loop
[4.826s] DEBUG:colcon.colcon_parallel_executor.executor.parallel:loop closed
[4.826s] DEBUG:colcon.colcon_parallel_executor.executor.parallel:run_until_complete finished with '0'
[4.826s] DEBUG:colcon.colcon_core.event_reactor:joining thread
[4.833s] INFO:colcon.colcon_core.plugin_system:Skipping extension 'colcon_notification.desktop_notification.terminal_notifier': Not used on non-Darwin systems
[4.833s] INFO:colcon.colcon_core.plugin_system:Skipping extension 'colcon_notification.desktop_notification.win32': Not used on non-Windows systems
[4.833s] INFO:colcon.colcon_notification.desktop_notification:Sending desktop notification using 'notify2'
[4.834s] DEBUG:colcon.colcon_core.event_reactor:joined thread
[4.835s] INFO:colcon.colcon_core.shell:Creating prefix script '/home/hernan/Projects/softwaretechnologie-uebung/uebung3/src/install/local_setup.ps1'
[4.836s] INFO:colcon.colcon_core.shell:Creating prefix util module '/home/hernan/Projects/softwaretechnologie-uebung/uebung3/src/install/_local_setup_util_ps1.py'
[4.838s] INFO:colcon.colcon_core.shell:Creating prefix chain script '/home/hernan/Projects/softwaretechnologie-uebung/uebung3/src/install/setup.ps1'
[4.841s] INFO:colcon.colcon_core.shell:Creating prefix script '/home/hernan/Projects/softwaretechnologie-uebung/uebung3/src/install/local_setup.sh'
[4.842s] INFO:colcon.colcon_core.shell:Creating prefix util module '/home/hernan/Projects/softwaretechnologie-uebung/uebung3/src/install/_local_setup_util_sh.py'
[4.843s] INFO:colcon.colcon_core.shell:Creating prefix chain script '/home/hernan/Projects/softwaretechnologie-uebung/uebung3/src/install/setup.sh'
[4.848s] INFO:colcon.colcon_core.shell:Creating prefix script '/home/hernan/Projects/softwaretechnologie-uebung/uebung3/src/install/local_setup.bash'
[4.849s] INFO:colcon.colcon_core.shell:Creating prefix chain script '/home/hernan/Projects/softwaretechnologie-uebung/uebung3/src/install/setup.bash'
[4.854s] INFO:colcon.colcon_core.shell:Creating prefix script '/home/hernan/Projects/softwaretechnologie-uebung/uebung3/src/install/local_setup.zsh'
[4.856s] INFO:colcon.colcon_core.shell:Creating prefix chain script '/home/hernan/Projects/softwaretechnologie-uebung/uebung3/src/install/setup.zsh'
