[0.021s] Invoking command in '/home/hernan/Projects/softwaretechnologie-uebung/uebung3/src/build/hello_world': CMAKE_PREFIX_PATH=/opt/ros/eloquent /usr/bin/cmake /home/hernan/Projects/softwaretechnologie-uebung/uebung3/src/hello_world -DCMAKE_INSTALL_PREFIX=/home/hernan/Projects/softwaretechnologie-uebung/uebung3/src/install/hello_world
[0.071s] -- The C compiler identification is GNU 7.4.0
[0.123s] -- The CXX compiler identification is GNU 7.4.0
[0.127s] -- Check for working C compiler: /usr/bin/cc
[0.201s] -- Check for working C compiler: /usr/bin/cc -- works
[0.201s] -- Detecting C compiler ABI info
[0.277s] -- Detecting C compiler ABI info - done
[0.282s] -- Detecting C compile features
[0.490s] -- Detecting C compile features - done
[0.493s] -- Check for working CXX compiler: /usr/bin/c++
[0.583s] -- Check for working CXX compiler: /usr/bin/c++ -- works
[0.584s] -- Detecting CXX compiler ABI info
[0.674s] -- Detecting CXX compiler ABI info - done
[0.679s] -- Detecting CXX compile features
[1.065s] -- Detecting CXX compile features - done
[1.067s] -- Found ament_cmake: 0.8.2 (/opt/ros/eloquent/share/ament_cmake/cmake)
[1.093s] -- Found PythonInterp: /usr/bin/python3 (found suitable version "3.6.9", minimum required is "3") 
[1.094s] -- Using PYTHON_EXECUTABLE: /usr/bin/python3
[1.306s] -- Found rclcpp: 0.8.4 (/opt/ros/eloquent/share/rclcpp/cmake)
[1.326s] -- Found rosidl_adapter: 0.8.2 (/opt/ros/eloquent/share/rosidl_adapter/cmake)
[1.367s] -- Found rmw_implementation_cmake: 0.8.1 (/opt/ros/eloquent/share/rmw_implementation_cmake/cmake)
[1.368s] -- Using RMW implementation 'rmw_fastrtps_cpp' as default
[1.369s] -- Looking for pthread.h
[1.445s] -- Looking for pthread.h - found
[1.445s] -- Looking for pthread_create
[1.528s] -- Looking for pthread_create - not found
[1.529s] -- Looking for pthread_create in pthreads
[1.601s] -- Looking for pthread_create in pthreads - not found
[1.601s] -- Looking for pthread_create in pthread
[1.678s] -- Looking for pthread_create in pthread - found
[1.679s] -- Found Threads: TRUE  
[1.722s] -- Found std_msgs: 0.8.1 (/opt/ros/eloquent/share/std_msgs/cmake)
[1.831s] -- Configuring done
[1.847s] -- Generating done
[1.848s] -- Build files have been written to: /home/hernan/Projects/softwaretechnologie-uebung/uebung3/src/build/hello_world
[1.853s] Invoked command in '/home/hernan/Projects/softwaretechnologie-uebung/uebung3/src/build/hello_world' returned '0': CMAKE_PREFIX_PATH=/opt/ros/eloquent /usr/bin/cmake /home/hernan/Projects/softwaretechnologie-uebung/uebung3/src/hello_world -DCMAKE_INSTALL_PREFIX=/home/hernan/Projects/softwaretechnologie-uebung/uebung3/src/install/hello_world
[1.856s] Invoking command in '/home/hernan/Projects/softwaretechnologie-uebung/uebung3/src/build/hello_world': CMAKE_PREFIX_PATH=/opt/ros/eloquent /usr/bin/cmake --build /home/hernan/Projects/softwaretechnologie-uebung/uebung3/src/build/hello_world -- -j8 -l8
[1.905s] [35m[1mScanning dependencies of target talker[0m
[1.939s] [ 50%] [32mBuilding CXX object CMakeFiles/talker.dir/src/publisher_member_function.cpp.o[0m
[4.313s] [100%] [32m[1mLinking CXX executable talker[0m
[4.479s] [100%] Built target talker
[4.491s] Invoked command in '/home/hernan/Projects/softwaretechnologie-uebung/uebung3/src/build/hello_world' returned '0': CMAKE_PREFIX_PATH=/opt/ros/eloquent /usr/bin/cmake --build /home/hernan/Projects/softwaretechnologie-uebung/uebung3/src/build/hello_world -- -j8 -l8
[4.517s] Invoking command in '/home/hernan/Projects/softwaretechnologie-uebung/uebung3/src/build/hello_world': CMAKE_PREFIX_PATH=/opt/ros/eloquent /usr/bin/cmake --build /home/hernan/Projects/softwaretechnologie-uebung/uebung3/src/build/hello_world --target install -- -j8 -l8
[4.578s] [100%] Built target talker
[4.597s] [36mInstall the project...[0m
[4.607s] -- Install configuration: ""
[4.607s] -- Installing: /home/hernan/Projects/softwaretechnologie-uebung/uebung3/src/install/hello_world/lib/hello_world/talker
[4.607s] -- Set runtime path of "/home/hernan/Projects/softwaretechnologie-uebung/uebung3/src/install/hello_world/lib/hello_world/talker" to ""
[4.608s] -- Installing: /home/hernan/Projects/softwaretechnologie-uebung/uebung3/src/install/hello_world/share/ament_index/resource_index/package_run_dependencies/hello_world
[4.608s] -- Installing: /home/hernan/Projects/softwaretechnologie-uebung/uebung3/src/install/hello_world/share/ament_index/resource_index/parent_prefix_path/hello_world
[4.608s] -- Installing: /home/hernan/Projects/softwaretechnologie-uebung/uebung3/src/install/hello_world/share/hello_world/environment/ament_prefix_path.sh
[4.608s] -- Installing: /home/hernan/Projects/softwaretechnologie-uebung/uebung3/src/install/hello_world/share/hello_world/environment/ament_prefix_path.dsv
[4.608s] -- Installing: /home/hernan/Projects/softwaretechnologie-uebung/uebung3/src/install/hello_world/share/hello_world/environment/path.sh
[4.609s] -- Installing: /home/hernan/Projects/softwaretechnologie-uebung/uebung3/src/install/hello_world/share/hello_world/environment/path.dsv
[4.609s] -- Installing: /home/hernan/Projects/softwaretechnologie-uebung/uebung3/src/install/hello_world/share/hello_world/local_setup.bash
[4.609s] -- Installing: /home/hernan/Projects/softwaretechnologie-uebung/uebung3/src/install/hello_world/share/hello_world/local_setup.sh
[4.609s] -- Installing: /home/hernan/Projects/softwaretechnologie-uebung/uebung3/src/install/hello_world/share/hello_world/local_setup.zsh
[4.609s] -- Installing: /home/hernan/Projects/softwaretechnologie-uebung/uebung3/src/install/hello_world/share/hello_world/local_setup.dsv
[4.609s] -- Installing: /home/hernan/Projects/softwaretechnologie-uebung/uebung3/src/install/hello_world/share/hello_world/package.dsv
[4.609s] -- Installing: /home/hernan/Projects/softwaretechnologie-uebung/uebung3/src/install/hello_world/share/ament_index/resource_index/packages/hello_world
[4.609s] -- Installing: /home/hernan/Projects/softwaretechnologie-uebung/uebung3/src/install/hello_world/share/hello_world/cmake/hello_worldConfig.cmake
[4.609s] -- Installing: /home/hernan/Projects/softwaretechnologie-uebung/uebung3/src/install/hello_world/share/hello_world/cmake/hello_worldConfig-version.cmake
[4.610s] -- Installing: /home/hernan/Projects/softwaretechnologie-uebung/uebung3/src/install/hello_world/share/hello_world/package.xml
[4.613s] Invoked command in '/home/hernan/Projects/softwaretechnologie-uebung/uebung3/src/build/hello_world' returned '0': CMAKE_PREFIX_PATH=/opt/ros/eloquent /usr/bin/cmake --build /home/hernan/Projects/softwaretechnologie-uebung/uebung3/src/build/hello_world --target install -- -j8 -l8
