[0.120s] DEBUG:colcon:Command line arguments: ['/usr/bin/colcon', 'build', '--packages-select', 'hello_world']
[0.120s] DEBUG:colcon:Parsed command line arguments: Namespace(ament_cmake_args=None, base_paths=['.'], build_base='build', catkin_cmake_args=None, catkin_skip_building_tests=False, cmake_args=None, cmake_clean_cache=False, cmake_clean_first=False, cmake_force_configure=False, cmake_target=None, cmake_target_skip_unavailable=False, continue_on_error=False, event_handlers=None, executor='parallel', ignore_user_meta=False, install_base='install', log_base=None, log_level=None, main=<bound method BuildVerb.main of <colcon_core.verb.build.BuildVerb object at 0x7f40d8756198>>, merge_install=False, metas=['./colcon.meta'], packages_above=None, packages_above_depth=None, packages_end=None, packages_ignore=None, packages_ignore_regex=None, packages_select=['hello_world'], packages_select_build_failed=False, packages_select_by_dep=None, packages_select_regex=None, packages_select_test_failures=False, packages_skip=None, packages_skip_build_finished=False, packages_skip_by_dep=None, packages_skip_regex=None, packages_skip_test_passed=False, packages_skip_up_to=None, packages_start=None, packages_up_to=None, parallel_workers=8, paths=None, symlink_install=False, test_result_base=None, verb_extension=<colcon_core.verb.build.BuildVerb object at 0x7f40d8756198>, verb_name='build', verb_parser=<colcon_defaults.argument_parser.defaults.DefaultArgumentsDecorator object at 0x7f40d8ec8358>)
[0.152s] Level 1:colcon.colcon_core.package_discovery:discover_packages(colcon_meta) check parameters
[0.152s] Level 1:colcon.colcon_core.package_discovery:discover_packages(recursive) check parameters
[0.152s] Level 1:colcon.colcon_core.package_discovery:discover_packages(ignore) check parameters
[0.152s] Level 1:colcon.colcon_core.package_discovery:discover_packages(path) check parameters
[0.152s] Level 1:colcon.colcon_core.package_discovery:discover_packages(colcon_meta) discover
[0.153s] Level 1:colcon.colcon_core.package_discovery:discover_packages(recursive) discover
[0.153s] INFO:colcon.colcon_core.package_discovery:Crawling recursively for packages in '/home/hernan/Projects/softwaretechnologie-uebung/uebung3/src/hello_world'
[0.153s] Level 1:colcon.colcon_core.package_identification:_identify(.) by extensions ['ignore', 'ignore_ament_install']
[0.153s] Level 1:colcon.colcon_core.package_identification:_identify(.) by extension 'ignore'
[0.153s] Level 1:colcon.colcon_core.package_identification:_identify(.) by extension 'ignore_ament_install'
[0.153s] Level 1:colcon.colcon_core.package_identification:_identify(.) by extensions ['colcon_pkg']
[0.153s] Level 1:colcon.colcon_core.package_identification:_identify(.) by extension 'colcon_pkg'
[0.153s] Level 1:colcon.colcon_core.package_identification:_identify(.) by extensions ['colcon_meta']
[0.153s] Level 1:colcon.colcon_core.package_identification:_identify(.) by extension 'colcon_meta'
[0.153s] Level 1:colcon.colcon_core.package_identification:_identify(.) by extensions ['ros']
[0.153s] Level 1:colcon.colcon_core.package_identification:_identify(.) by extension 'ros'
[0.166s] DEBUG:colcon.colcon_core.package_identification:Package '.' with type 'ros.ament_cmake' and name 'hello_world'
[0.166s] Level 1:colcon.colcon_core.package_discovery:discover_packages(recursive) using defaults
[0.166s] Level 1:colcon.colcon_core.package_discovery:discover_packages(ignore) discover
[0.166s] Level 1:colcon.colcon_core.package_discovery:discover_packages(ignore) using defaults
[0.166s] Level 1:colcon.colcon_core.package_discovery:discover_packages(path) discover
[0.166s] Level 1:colcon.colcon_core.package_discovery:discover_packages(path) using defaults
[0.171s] Level 5:colcon.colcon_core.verb:set package 'hello_world' build argument 'cmake_args' from command line to 'None'
[0.171s] Level 5:colcon.colcon_core.verb:set package 'hello_world' build argument 'cmake_target' from command line to 'None'
[0.171s] Level 5:colcon.colcon_core.verb:set package 'hello_world' build argument 'cmake_target_skip_unavailable' from command line to 'False'
[0.171s] Level 5:colcon.colcon_core.verb:set package 'hello_world' build argument 'cmake_clean_cache' from command line to 'False'
[0.171s] Level 5:colcon.colcon_core.verb:set package 'hello_world' build argument 'cmake_clean_first' from command line to 'False'
[0.171s] Level 5:colcon.colcon_core.verb:set package 'hello_world' build argument 'cmake_force_configure' from command line to 'False'
[0.171s] Level 5:colcon.colcon_core.verb:set package 'hello_world' build argument 'ament_cmake_args' from command line to 'None'
[0.171s] Level 5:colcon.colcon_core.verb:set package 'hello_world' build argument 'catkin_cmake_args' from command line to 'None'
[0.171s] Level 5:colcon.colcon_core.verb:set package 'hello_world' build argument 'catkin_skip_building_tests' from command line to 'False'
[0.171s] DEBUG:colcon.colcon_core.verb:Building package 'hello_world' with the following arguments: {'ament_cmake_args': None, 'build_base': '/home/hernan/Projects/softwaretechnologie-uebung/uebung3/src/hello_world/build/hello_world', 'catkin_cmake_args': None, 'catkin_skip_building_tests': False, 'cmake_args': None, 'cmake_clean_cache': False, 'cmake_clean_first': False, 'cmake_force_configure': False, 'cmake_target': None, 'cmake_target_skip_unavailable': False, 'install_base': '/home/hernan/Projects/softwaretechnologie-uebung/uebung3/src/hello_world/install/hello_world', 'merge_install': False, 'path': '/home/hernan/Projects/softwaretechnologie-uebung/uebung3/src/hello_world', 'symlink_install': False, 'test_result_base': None}
[0.172s] INFO:colcon.colcon_core.executor:Executing jobs using 'parallel' executor
[0.173s] DEBUG:colcon.colcon_parallel_executor.executor.parallel:run_until_complete
[0.174s] INFO:colcon.colcon_ros.task.ament_cmake.build:Building ROS package in '/home/hernan/Projects/softwaretechnologie-uebung/uebung3/src/hello_world' with build type 'ament_cmake'
[0.177s] INFO:colcon.colcon_core.plugin_system:Skipping extension 'colcon_core.shell.bat': Not used on non-Windows systems
[0.177s] INFO:colcon.colcon_cmake.task.cmake.build:Building CMake package in '/home/hernan/Projects/softwaretechnologie-uebung/uebung3/src/hello_world'
[0.178s] INFO:colcon.colcon_core.shell:Skip shell extension 'powershell' for command environment: Not usable outside of PowerShell
[0.178s] DEBUG:colcon.colcon_core.shell:Skip shell extension 'dsv' for command environment
[0.180s] DEBUG:colcon.colcon_core.shell:Ignoring prefix path '/opt/ros/eloquent'
[0.191s] DEBUG:colcon.colcon_core.event_handler.log_command:Invoking command in '/home/hernan/Projects/softwaretechnologie-uebung/uebung3/src/hello_world/build/hello_world': CMAKE_PREFIX_PATH=/opt/ros/eloquent /usr/bin/cmake /home/hernan/Projects/softwaretechnologie-uebung/uebung3/src/hello_world -DCMAKE_INSTALL_PREFIX=/home/hernan/Projects/softwaretechnologie-uebung/uebung3/src/hello_world/install/hello_world
[1.914s] DEBUG:colcon.colcon_core.event_handler.log_command:Invoked command in '/home/hernan/Projects/softwaretechnologie-uebung/uebung3/src/hello_world/build/hello_world' returned '0': CMAKE_PREFIX_PATH=/opt/ros/eloquent /usr/bin/cmake /home/hernan/Projects/softwaretechnologie-uebung/uebung3/src/hello_world -DCMAKE_INSTALL_PREFIX=/home/hernan/Projects/softwaretechnologie-uebung/uebung3/src/hello_world/install/hello_world
[1.917s] DEBUG:colcon.colcon_core.event_handler.log_command:Invoking command in '/home/hernan/Projects/softwaretechnologie-uebung/uebung3/src/hello_world/build/hello_world': CMAKE_PREFIX_PATH=/opt/ros/eloquent /usr/bin/cmake --build /home/hernan/Projects/softwaretechnologie-uebung/uebung3/src/hello_world/build/hello_world -- -j8 -l8
[4.538s] DEBUG:colcon.colcon_core.event_handler.log_command:Invoked command in '/home/hernan/Projects/softwaretechnologie-uebung/uebung3/src/hello_world/build/hello_world' returned '0': CMAKE_PREFIX_PATH=/opt/ros/eloquent /usr/bin/cmake --build /home/hernan/Projects/softwaretechnologie-uebung/uebung3/src/hello_world/build/hello_world -- -j8 -l8
[4.566s] DEBUG:colcon.colcon_core.event_handler.log_command:Invoking command in '/home/hernan/Projects/softwaretechnologie-uebung/uebung3/src/hello_world/build/hello_world': CMAKE_PREFIX_PATH=/opt/ros/eloquent /usr/bin/cmake --build /home/hernan/Projects/softwaretechnologie-uebung/uebung3/src/hello_world/build/hello_world --target install -- -j8 -l8
[4.663s] Level 1:colcon.colcon_core.environment:create_environment_scripts_only(hello_world)
[4.665s] DEBUG:colcon.colcon_core.event_handler.log_command:Invoked command in '/home/hernan/Projects/softwaretechnologie-uebung/uebung3/src/hello_world/build/hello_world' returned '0': CMAKE_PREFIX_PATH=/opt/ros/eloquent /usr/bin/cmake --build /home/hernan/Projects/softwaretechnologie-uebung/uebung3/src/hello_world/build/hello_world --target install -- -j8 -l8
[4.668s] Level 1:colcon.colcon_core.environment:checking '/home/hernan/Projects/softwaretechnologie-uebung/uebung3/src/hello_world/install/hello_world' for CMake module files
[4.669s] Level 1:colcon.colcon_core.environment:checking '/home/hernan/Projects/softwaretechnologie-uebung/uebung3/src/hello_world/install/hello_world' for CMake config files
[4.669s] Level 1:colcon.colcon_core.shell:create_environment_hook('hello_world', 'cmake_prefix_path')
[4.670s] INFO:colcon.colcon_core.shell:Creating environment hook '/home/hernan/Projects/softwaretechnologie-uebung/uebung3/src/hello_world/install/hello_world/share/hello_world/hook/cmake_prefix_path.ps1'
[4.670s] INFO:colcon.colcon_core.shell:Creating environment descriptor '/home/hernan/Projects/softwaretechnologie-uebung/uebung3/src/hello_world/install/hello_world/share/hello_world/hook/cmake_prefix_path.dsv'
[4.671s] INFO:colcon.colcon_core.shell:Creating environment hook '/home/hernan/Projects/softwaretechnologie-uebung/uebung3/src/hello_world/install/hello_world/share/hello_world/hook/cmake_prefix_path.sh'
[4.672s] Level 1:colcon.colcon_core.environment:checking '/home/hernan/Projects/softwaretechnologie-uebung/uebung3/src/hello_world/install/hello_world/lib'
[4.673s] Level 1:colcon.colcon_core.environment:checking '/home/hernan/Projects/softwaretechnologie-uebung/uebung3/src/hello_world/install/hello_world/bin'
[4.673s] Level 1:colcon.colcon_core.environment:checking '/home/hernan/Projects/softwaretechnologie-uebung/uebung3/src/hello_world/install/hello_world/lib/pkgconfig/hello_world.pc'
[4.673s] Level 1:colcon.colcon_core.environment:checking '/home/hernan/Projects/softwaretechnologie-uebung/uebung3/src/hello_world/install/hello_world/lib/python3.6/site-packages'
[4.673s] INFO:colcon.colcon_core.shell:Creating package script '/home/hernan/Projects/softwaretechnologie-uebung/uebung3/src/hello_world/install/hello_world/share/hello_world/package.ps1'
[4.674s] INFO:colcon.colcon_core.shell:Creating package descriptor '/home/hernan/Projects/softwaretechnologie-uebung/uebung3/src/hello_world/install/hello_world/share/hello_world/package.dsv'
[4.675s] INFO:colcon.colcon_core.shell:Creating package script '/home/hernan/Projects/softwaretechnologie-uebung/uebung3/src/hello_world/install/hello_world/share/hello_world/package.sh'
[4.686s] INFO:colcon.colcon_core.shell:Creating package script '/home/hernan/Projects/softwaretechnologie-uebung/uebung3/src/hello_world/install/hello_world/share/hello_world/package.bash'
[4.687s] INFO:colcon.colcon_core.shell:Creating package script '/home/hernan/Projects/softwaretechnologie-uebung/uebung3/src/hello_world/install/hello_world/share/hello_world/package.zsh'
[4.688s] Level 1:colcon.colcon_core.environment:create_file_with_runtime_dependencies(/home/hernan/Projects/softwaretechnologie-uebung/uebung3/src/hello_world/install/hello_world/share/colcon-core/packages/hello_world)
[4.689s] DEBUG:colcon.colcon_parallel_executor.executor.parallel:closing loop
[4.689s] DEBUG:colcon.colcon_parallel_executor.executor.parallel:loop closed
[4.689s] DEBUG:colcon.colcon_parallel_executor.executor.parallel:run_until_complete finished with '0'
[4.690s] DEBUG:colcon.colcon_core.event_reactor:joining thread
[4.695s] INFO:colcon.colcon_core.plugin_system:Skipping extension 'colcon_notification.desktop_notification.terminal_notifier': Not used on non-Darwin systems
[4.696s] INFO:colcon.colcon_core.plugin_system:Skipping extension 'colcon_notification.desktop_notification.win32': Not used on non-Windows systems
[4.696s] INFO:colcon.colcon_notification.desktop_notification:Sending desktop notification using 'notify2'
[4.697s] DEBUG:colcon.colcon_core.event_reactor:joined thread
[4.698s] INFO:colcon.colcon_core.shell:Creating prefix script '/home/hernan/Projects/softwaretechnologie-uebung/uebung3/src/hello_world/install/local_setup.ps1'
[4.700s] INFO:colcon.colcon_core.shell:Creating prefix util module '/home/hernan/Projects/softwaretechnologie-uebung/uebung3/src/hello_world/install/_local_setup_util_ps1.py'
[4.702s] INFO:colcon.colcon_core.shell:Creating prefix chain script '/home/hernan/Projects/softwaretechnologie-uebung/uebung3/src/hello_world/install/setup.ps1'
[4.706s] INFO:colcon.colcon_core.shell:Creating prefix script '/home/hernan/Projects/softwaretechnologie-uebung/uebung3/src/hello_world/install/local_setup.sh'
[4.707s] INFO:colcon.colcon_core.shell:Creating prefix util module '/home/hernan/Projects/softwaretechnologie-uebung/uebung3/src/hello_world/install/_local_setup_util_sh.py'
[4.708s] INFO:colcon.colcon_core.shell:Creating prefix chain script '/home/hernan/Projects/softwaretechnologie-uebung/uebung3/src/hello_world/install/setup.sh'
[4.712s] INFO:colcon.colcon_core.shell:Creating prefix script '/home/hernan/Projects/softwaretechnologie-uebung/uebung3/src/hello_world/install/local_setup.bash'
[4.713s] INFO:colcon.colcon_core.shell:Creating prefix chain script '/home/hernan/Projects/softwaretechnologie-uebung/uebung3/src/hello_world/install/setup.bash'
[4.716s] INFO:colcon.colcon_core.shell:Creating prefix script '/home/hernan/Projects/softwaretechnologie-uebung/uebung3/src/hello_world/install/local_setup.zsh'
[4.716s] INFO:colcon.colcon_core.shell:Creating prefix chain script '/home/hernan/Projects/softwaretechnologie-uebung/uebung3/src/hello_world/install/setup.zsh'
