[0.119s] DEBUG:colcon:Command line arguments: ['/usr/bin/colcon', 'build', '--packages-select', 'hello_world']
[0.119s] DEBUG:colcon:Parsed command line arguments: Namespace(ament_cmake_args=None, base_paths=['.'], build_base='build', catkin_cmake_args=None, catkin_skip_building_tests=False, cmake_args=None, cmake_clean_cache=False, cmake_clean_first=False, cmake_force_configure=False, cmake_target=None, cmake_target_skip_unavailable=False, continue_on_error=False, event_handlers=None, executor='parallel', ignore_user_meta=False, install_base='install', log_base=None, log_level=None, main=<bound method BuildVerb.main of <colcon_core.verb.build.BuildVerb object at 0x7f4f6ba4e198>>, merge_install=False, metas=['./colcon.meta'], packages_above=None, packages_above_depth=None, packages_end=None, packages_ignore=None, packages_ignore_regex=None, packages_select=['hello_world'], packages_select_build_failed=False, packages_select_by_dep=None, packages_select_regex=None, packages_select_test_failures=False, packages_skip=None, packages_skip_build_finished=False, packages_skip_by_dep=None, packages_skip_regex=None, packages_skip_test_passed=False, packages_skip_up_to=None, packages_start=None, packages_up_to=None, parallel_workers=8, paths=None, symlink_install=False, test_result_base=None, verb_extension=<colcon_core.verb.build.BuildVerb object at 0x7f4f6ba4e198>, verb_name='build', verb_parser=<colcon_defaults.argument_parser.defaults.DefaultArgumentsDecorator object at 0x7f4f6c1c0390>)
[0.150s] Level 1:colcon.colcon_core.package_discovery:discover_packages(colcon_meta) check parameters
[0.150s] Level 1:colcon.colcon_core.package_discovery:discover_packages(recursive) check parameters
[0.150s] Level 1:colcon.colcon_core.package_discovery:discover_packages(ignore) check parameters
[0.150s] Level 1:colcon.colcon_core.package_discovery:discover_packages(path) check parameters
[0.150s] Level 1:colcon.colcon_core.package_discovery:discover_packages(colcon_meta) discover
[0.151s] Level 1:colcon.colcon_core.package_discovery:discover_packages(recursive) discover
[0.151s] INFO:colcon.colcon_core.package_discovery:Crawling recursively for packages in '/home/hernan/Projects/softwaretechnologie-uebung/uebung3'
[0.151s] Level 1:colcon.colcon_core.package_identification:_identify(.) by extensions ['ignore', 'ignore_ament_install']
[0.151s] Level 1:colcon.colcon_core.package_identification:_identify(.) by extension 'ignore'
[0.151s] Level 1:colcon.colcon_core.package_identification:_identify(.) by extension 'ignore_ament_install'
[0.151s] Level 1:colcon.colcon_core.package_identification:_identify(.) by extensions ['colcon_pkg']
[0.151s] Level 1:colcon.colcon_core.package_identification:_identify(.) by extension 'colcon_pkg'
[0.151s] Level 1:colcon.colcon_core.package_identification:_identify(.) by extensions ['colcon_meta']
[0.151s] Level 1:colcon.colcon_core.package_identification:_identify(.) by extension 'colcon_meta'
[0.151s] Level 1:colcon.colcon_core.package_identification:_identify(.) by extensions ['ros']
[0.151s] Level 1:colcon.colcon_core.package_identification:_identify(.) by extension 'ros'
[0.162s] Level 1:colcon.colcon_core.package_identification:_identify(.) by extensions ['cmake', 'python']
[0.162s] Level 1:colcon.colcon_core.package_identification:_identify(.) by extension 'cmake'
[0.162s] Level 1:colcon.colcon_core.package_identification:_identify(.) by extension 'python'
[0.162s] Level 1:colcon.colcon_core.package_identification:_identify(.) by extensions ['python_setup_py']
[0.162s] Level 1:colcon.colcon_core.package_identification:_identify(.) by extension 'python_setup_py'
[0.162s] Level 1:colcon.colcon_core.package_identification:_identify(build) by extensions ['ignore', 'ignore_ament_install']
[0.162s] Level 1:colcon.colcon_core.package_identification:_identify(build) by extension 'ignore'
[0.162s] Level 1:colcon.colcon_core.package_identification:_identify(build) ignored
[0.163s] Level 1:colcon.colcon_core.package_identification:_identify(install) by extensions ['ignore', 'ignore_ament_install']
[0.163s] Level 1:colcon.colcon_core.package_identification:_identify(install) by extension 'ignore'
[0.163s] Level 1:colcon.colcon_core.package_identification:_identify(install) ignored
[0.163s] Level 1:colcon.colcon_core.package_identification:_identify(log) by extensions ['ignore', 'ignore_ament_install']
[0.163s] Level 1:colcon.colcon_core.package_identification:_identify(log) by extension 'ignore'
[0.163s] Level 1:colcon.colcon_core.package_identification:_identify(log) ignored
[0.163s] Level 1:colcon.colcon_core.package_identification:_identify(src) by extensions ['ignore', 'ignore_ament_install']
[0.163s] Level 1:colcon.colcon_core.package_identification:_identify(src) by extension 'ignore'
[0.164s] Level 1:colcon.colcon_core.package_identification:_identify(src) by extension 'ignore_ament_install'
[0.164s] Level 1:colcon.colcon_core.package_identification:_identify(src) by extensions ['colcon_pkg']
[0.164s] Level 1:colcon.colcon_core.package_identification:_identify(src) by extension 'colcon_pkg'
[0.164s] Level 1:colcon.colcon_core.package_identification:_identify(src) by extensions ['colcon_meta']
[0.164s] Level 1:colcon.colcon_core.package_identification:_identify(src) by extension 'colcon_meta'
[0.164s] Level 1:colcon.colcon_core.package_identification:_identify(src) by extensions ['ros']
[0.164s] Level 1:colcon.colcon_core.package_identification:_identify(src) by extension 'ros'
[0.164s] Level 1:colcon.colcon_core.package_identification:_identify(src) by extensions ['cmake', 'python']
[0.164s] Level 1:colcon.colcon_core.package_identification:_identify(src) by extension 'cmake'
[0.164s] Level 1:colcon.colcon_core.package_identification:_identify(src) by extension 'python'
[0.164s] Level 1:colcon.colcon_core.package_identification:_identify(src) by extensions ['python_setup_py']
[0.164s] Level 1:colcon.colcon_core.package_identification:_identify(src) by extension 'python_setup_py'
[0.164s] Level 1:colcon.colcon_core.package_identification:_identify(src/hello_world) by extensions ['ignore', 'ignore_ament_install']
[0.164s] Level 1:colcon.colcon_core.package_identification:_identify(src/hello_world) by extension 'ignore'
[0.164s] Level 1:colcon.colcon_core.package_identification:_identify(src/hello_world) by extension 'ignore_ament_install'
[0.165s] Level 1:colcon.colcon_core.package_identification:_identify(src/hello_world) by extensions ['colcon_pkg']
[0.165s] Level 1:colcon.colcon_core.package_identification:_identify(src/hello_world) by extension 'colcon_pkg'
[0.165s] Level 1:colcon.colcon_core.package_identification:_identify(src/hello_world) by extensions ['colcon_meta']
[0.165s] Level 1:colcon.colcon_core.package_identification:_identify(src/hello_world) by extension 'colcon_meta'
[0.165s] Level 1:colcon.colcon_core.package_identification:_identify(src/hello_world) by extensions ['ros']
[0.165s] Level 1:colcon.colcon_core.package_identification:_identify(src/hello_world) by extension 'ros'
[0.167s] DEBUG:colcon.colcon_core.package_identification:Package 'src/hello_world' with type 'ros.ament_cmake' and name 'hello_world'
[0.167s] Level 1:colcon.colcon_core.package_identification:_identify(src/ping_pong) by extensions ['ignore', 'ignore_ament_install']
[0.167s] Level 1:colcon.colcon_core.package_identification:_identify(src/ping_pong) by extension 'ignore'
[0.167s] Level 1:colcon.colcon_core.package_identification:_identify(src/ping_pong) by extension 'ignore_ament_install'
[0.168s] Level 1:colcon.colcon_core.package_identification:_identify(src/ping_pong) by extensions ['colcon_pkg']
[0.168s] Level 1:colcon.colcon_core.package_identification:_identify(src/ping_pong) by extension 'colcon_pkg'
[0.168s] Level 1:colcon.colcon_core.package_identification:_identify(src/ping_pong) by extensions ['colcon_meta']
[0.168s] Level 1:colcon.colcon_core.package_identification:_identify(src/ping_pong) by extension 'colcon_meta'
[0.168s] Level 1:colcon.colcon_core.package_identification:_identify(src/ping_pong) by extensions ['ros']
[0.168s] Level 1:colcon.colcon_core.package_identification:_identify(src/ping_pong) by extension 'ros'
[0.168s] DEBUG:colcon.colcon_core.package_identification:Package 'src/ping_pong' with type 'ros.ament_cmake' and name 'ping_pong'
[0.168s] Level 1:colcon.colcon_core.package_discovery:discover_packages(recursive) using defaults
[0.169s] Level 1:colcon.colcon_core.package_discovery:discover_packages(ignore) discover
[0.169s] Level 1:colcon.colcon_core.package_discovery:discover_packages(ignore) using defaults
[0.169s] Level 1:colcon.colcon_core.package_discovery:discover_packages(path) discover
[0.169s] Level 1:colcon.colcon_core.package_discovery:discover_packages(path) using defaults
[0.171s] INFO:colcon.colcon_core.package_selection:Skipping not selected package 'ping_pong' in 'src/ping_pong'
[0.173s] Level 5:colcon.colcon_core.verb:set package 'hello_world' build argument 'cmake_args' from command line to 'None'
[0.174s] Level 5:colcon.colcon_core.verb:set package 'hello_world' build argument 'cmake_target' from command line to 'None'
[0.174s] Level 5:colcon.colcon_core.verb:set package 'hello_world' build argument 'cmake_target_skip_unavailable' from command line to 'False'
[0.174s] Level 5:colcon.colcon_core.verb:set package 'hello_world' build argument 'cmake_clean_cache' from command line to 'False'
[0.174s] Level 5:colcon.colcon_core.verb:set package 'hello_world' build argument 'cmake_clean_first' from command line to 'False'
[0.174s] Level 5:colcon.colcon_core.verb:set package 'hello_world' build argument 'cmake_force_configure' from command line to 'False'
[0.174s] Level 5:colcon.colcon_core.verb:set package 'hello_world' build argument 'ament_cmake_args' from command line to 'None'
[0.174s] Level 5:colcon.colcon_core.verb:set package 'hello_world' build argument 'catkin_cmake_args' from command line to 'None'
[0.174s] Level 5:colcon.colcon_core.verb:set package 'hello_world' build argument 'catkin_skip_building_tests' from command line to 'False'
[0.174s] DEBUG:colcon.colcon_core.verb:Building package 'hello_world' with the following arguments: {'ament_cmake_args': None, 'build_base': '/home/hernan/Projects/softwaretechnologie-uebung/uebung3/build/hello_world', 'catkin_cmake_args': None, 'catkin_skip_building_tests': False, 'cmake_args': None, 'cmake_clean_cache': False, 'cmake_clean_first': False, 'cmake_force_configure': False, 'cmake_target': None, 'cmake_target_skip_unavailable': False, 'install_base': '/home/hernan/Projects/softwaretechnologie-uebung/uebung3/install/hello_world', 'merge_install': False, 'path': '/home/hernan/Projects/softwaretechnologie-uebung/uebung3/src/hello_world', 'symlink_install': False, 'test_result_base': None}
[0.174s] INFO:colcon.colcon_core.executor:Executing jobs using 'parallel' executor
[0.176s] DEBUG:colcon.colcon_parallel_executor.executor.parallel:run_until_complete
[0.176s] INFO:colcon.colcon_ros.task.ament_cmake.build:Building ROS package in '/home/hernan/Projects/softwaretechnologie-uebung/uebung3/src/hello_world' with build type 'ament_cmake'
[0.180s] INFO:colcon.colcon_core.plugin_system:Skipping extension 'colcon_core.shell.bat': Not used on non-Windows systems
[0.180s] INFO:colcon.colcon_cmake.task.cmake.build:Building CMake package in '/home/hernan/Projects/softwaretechnologie-uebung/uebung3/src/hello_world'
[0.181s] INFO:colcon.colcon_core.shell:Skip shell extension 'powershell' for command environment: Not usable outside of PowerShell
[0.181s] DEBUG:colcon.colcon_core.shell:Skip shell extension 'dsv' for command environment
[0.183s] DEBUG:colcon.colcon_core.shell:Ignoring prefix path '/opt/ros/eloquent'
[0.194s] DEBUG:colcon.colcon_core.event_handler.log_command:Invoking command in '/home/hernan/Projects/softwaretechnologie-uebung/uebung3/build/hello_world': CMAKE_PREFIX_PATH=/opt/ros/eloquent /usr/bin/cmake --build /home/hernan/Projects/softwaretechnologie-uebung/uebung3/build/hello_world -- -j8 -l8
[2.761s] DEBUG:colcon.colcon_core.event_handler.log_command:Invoked command in '/home/hernan/Projects/softwaretechnologie-uebung/uebung3/build/hello_world' returned '0': CMAKE_PREFIX_PATH=/opt/ros/eloquent /usr/bin/cmake --build /home/hernan/Projects/softwaretechnologie-uebung/uebung3/build/hello_world -- -j8 -l8
[2.787s] DEBUG:colcon.colcon_core.event_handler.log_command:Invoking command in '/home/hernan/Projects/softwaretechnologie-uebung/uebung3/build/hello_world': CMAKE_PREFIX_PATH=/opt/ros/eloquent /usr/bin/cmake --build /home/hernan/Projects/softwaretechnologie-uebung/uebung3/build/hello_world --target install -- -j8 -l8
[2.886s] Level 1:colcon.colcon_core.environment:create_environment_scripts_only(hello_world)
[2.887s] DEBUG:colcon.colcon_core.event_handler.log_command:Invoked command in '/home/hernan/Projects/softwaretechnologie-uebung/uebung3/build/hello_world' returned '0': CMAKE_PREFIX_PATH=/opt/ros/eloquent /usr/bin/cmake --build /home/hernan/Projects/softwaretechnologie-uebung/uebung3/build/hello_world --target install -- -j8 -l8
[2.890s] Level 1:colcon.colcon_core.environment:checking '/home/hernan/Projects/softwaretechnologie-uebung/uebung3/install/hello_world' for CMake module files
[2.891s] Level 1:colcon.colcon_core.environment:checking '/home/hernan/Projects/softwaretechnologie-uebung/uebung3/install/hello_world' for CMake config files
[2.891s] Level 1:colcon.colcon_core.shell:create_environment_hook('hello_world', 'cmake_prefix_path')
[2.892s] INFO:colcon.colcon_core.shell:Creating environment hook '/home/hernan/Projects/softwaretechnologie-uebung/uebung3/install/hello_world/share/hello_world/hook/cmake_prefix_path.ps1'
[2.892s] INFO:colcon.colcon_core.shell:Creating environment descriptor '/home/hernan/Projects/softwaretechnologie-uebung/uebung3/install/hello_world/share/hello_world/hook/cmake_prefix_path.dsv'
[2.893s] INFO:colcon.colcon_core.shell:Creating environment hook '/home/hernan/Projects/softwaretechnologie-uebung/uebung3/install/hello_world/share/hello_world/hook/cmake_prefix_path.sh'
[2.894s] Level 1:colcon.colcon_core.environment:checking '/home/hernan/Projects/softwaretechnologie-uebung/uebung3/install/hello_world/lib'
[2.894s] Level 1:colcon.colcon_core.environment:checking '/home/hernan/Projects/softwaretechnologie-uebung/uebung3/install/hello_world/bin'
[2.895s] Level 1:colcon.colcon_core.environment:checking '/home/hernan/Projects/softwaretechnologie-uebung/uebung3/install/hello_world/lib/pkgconfig/hello_world.pc'
[2.895s] Level 1:colcon.colcon_core.environment:checking '/home/hernan/Projects/softwaretechnologie-uebung/uebung3/install/hello_world/lib/python3.6/site-packages'
[2.895s] INFO:colcon.colcon_core.shell:Creating package script '/home/hernan/Projects/softwaretechnologie-uebung/uebung3/install/hello_world/share/hello_world/package.ps1'
[2.909s] INFO:colcon.colcon_core.shell:Creating package descriptor '/home/hernan/Projects/softwaretechnologie-uebung/uebung3/install/hello_world/share/hello_world/package.dsv'
[2.910s] INFO:colcon.colcon_core.shell:Creating package script '/home/hernan/Projects/softwaretechnologie-uebung/uebung3/install/hello_world/share/hello_world/package.sh'
[2.911s] INFO:colcon.colcon_core.shell:Creating package script '/home/hernan/Projects/softwaretechnologie-uebung/uebung3/install/hello_world/share/hello_world/package.bash'
[2.912s] INFO:colcon.colcon_core.shell:Creating package script '/home/hernan/Projects/softwaretechnologie-uebung/uebung3/install/hello_world/share/hello_world/package.zsh'
[2.913s] Level 1:colcon.colcon_core.environment:create_file_with_runtime_dependencies(/home/hernan/Projects/softwaretechnologie-uebung/uebung3/install/hello_world/share/colcon-core/packages/hello_world)
[2.913s] DEBUG:colcon.colcon_parallel_executor.executor.parallel:closing loop
[2.914s] DEBUG:colcon.colcon_parallel_executor.executor.parallel:loop closed
[2.914s] DEBUG:colcon.colcon_parallel_executor.executor.parallel:run_until_complete finished with '0'
[2.914s] DEBUG:colcon.colcon_core.event_reactor:joining thread
[2.920s] INFO:colcon.colcon_core.plugin_system:Skipping extension 'colcon_notification.desktop_notification.terminal_notifier': Not used on non-Darwin systems
[2.920s] INFO:colcon.colcon_core.plugin_system:Skipping extension 'colcon_notification.desktop_notification.win32': Not used on non-Windows systems
[2.921s] INFO:colcon.colcon_notification.desktop_notification:Sending desktop notification using 'notify2'
[2.923s] DEBUG:colcon.colcon_core.event_reactor:joined thread
[2.923s] INFO:colcon.colcon_core.shell:Creating prefix script '/home/hernan/Projects/softwaretechnologie-uebung/uebung3/install/local_setup.ps1'
[2.925s] INFO:colcon.colcon_core.shell:Creating prefix util module '/home/hernan/Projects/softwaretechnologie-uebung/uebung3/install/_local_setup_util_ps1.py'
[2.926s] INFO:colcon.colcon_core.shell:Creating prefix chain script '/home/hernan/Projects/softwaretechnologie-uebung/uebung3/install/setup.ps1'
[2.931s] INFO:colcon.colcon_core.shell:Creating prefix script '/home/hernan/Projects/softwaretechnologie-uebung/uebung3/install/local_setup.sh'
[2.932s] INFO:colcon.colcon_core.shell:Creating prefix util module '/home/hernan/Projects/softwaretechnologie-uebung/uebung3/install/_local_setup_util_sh.py'
[2.933s] INFO:colcon.colcon_core.shell:Creating prefix chain script '/home/hernan/Projects/softwaretechnologie-uebung/uebung3/install/setup.sh'
[2.939s] INFO:colcon.colcon_core.shell:Creating prefix script '/home/hernan/Projects/softwaretechnologie-uebung/uebung3/install/local_setup.bash'
[2.939s] INFO:colcon.colcon_core.shell:Creating prefix chain script '/home/hernan/Projects/softwaretechnologie-uebung/uebung3/install/setup.bash'
[2.944s] INFO:colcon.colcon_core.shell:Creating prefix script '/home/hernan/Projects/softwaretechnologie-uebung/uebung3/install/local_setup.zsh'
[2.945s] INFO:colcon.colcon_core.shell:Creating prefix chain script '/home/hernan/Projects/softwaretechnologie-uebung/uebung3/install/setup.zsh'
