[3.091s] [01m[K/home/hernan/Projects/softwaretechnologie-uebung/uebung3/src/hello_world/src/publisher_member_function.cpp:[m[K In member function ‘[01m[Kvoid Publisher::timer_callback()[m[K’:
[3.091s] [01m[K/home/hernan/Projects/softwaretechnologie-uebung/uebung3/src/hello_world/src/publisher_member_function.cpp:20:21:[m[K [01;31m[Kerror: [m[K‘[01m[Kstruct std_msgs::msg::String_<std::allocator<void> >[m[K’ has no member named ‘[01m[Kdaa[m[K’; did you mean ‘[01m[Kdata[m[K’?
[3.091s]              message.[01;31m[Kdaa[m[K = "Hello, world!" + std::to_string(count_++);
[3.092s]                      [01;31m[K^~~[m[K
[3.092s]                      [32m[Kdata[m[K
[3.099s] [01m[K/home/hernan/Projects/softwaretechnologie-uebung/uebung3/src/hello_world/src/publisher_member_function.cpp:[m[K In function ‘[01m[Kint main(int, char**)[m[K’:
[3.099s] [01m[K/home/hernan/Projects/softwaretechnologie-uebung/uebung3/src/hello_world/src/publisher_member_function.cpp:31:45:[m[K [01;31m[Kerror: [m[Kno matching function for call to ‘[01m[Kspin(<unresolved overloaded function type>)[m[K’
[3.099s]      rclcpp::spin(std::make_shared<Publisher>[01;31m[K)[m[K;
[3.099s]                                              [01;31m[K^[m[K
[3.099s] In file included from [01m[K/opt/ros/eloquent/include/rclcpp/rclcpp.hpp:145:0[m[K,
[3.099s]                  from [01m[K/home/hernan/Projects/softwaretechnologie-uebung/uebung3/src/hello_world/src/publisher_member_function.cpp:4[m[K:
[3.099s] [01m[K/opt/ros/eloquent/include/rclcpp/executors.hpp:44:1:[m[K [01;36m[Knote: [m[Kcandidate: void rclcpp::spin(rclcpp::node_interfaces::NodeBaseInterface::SharedPtr)
[3.099s]  [01;36m[Kspin[m[K(rclcpp::node_interfaces::NodeBaseInterface::SharedPtr node_ptr);
[3.099s]  [01;36m[K^~~~[m[K
[3.099s] [01m[K/opt/ros/eloquent/include/rclcpp/executors.hpp:44:1:[m[K [01;36m[Knote: [m[K  no known conversion for argument 1 from ‘[01m[K<unresolved overloaded function type>[m[K’ to ‘[01m[Krclcpp::node_interfaces::NodeBaseInterface::SharedPtr {aka std::shared_ptr<rclcpp::node_interfaces::NodeBaseInterface>}[m[K’
[3.100s] [01m[K/opt/ros/eloquent/include/rclcpp/executors.hpp:48:1:[m[K [01;36m[Knote: [m[Kcandidate: void rclcpp::spin(rclcpp::Node::SharedPtr)
[3.100s]  [01;36m[Kspin[m[K(rclcpp::Node::SharedPtr node_ptr);
[3.100s]  [01;36m[K^~~~[m[K
[3.100s] [01m[K/opt/ros/eloquent/include/rclcpp/executors.hpp:48:1:[m[K [01;36m[Knote: [m[K  no known conversion for argument 1 from ‘[01m[K<unresolved overloaded function type>[m[K’ to ‘[01m[Krclcpp::Node::SharedPtr {aka std::shared_ptr<rclcpp::Node>}[m[K’
[3.508s] make[2]: *** [CMakeFiles/talker.dir/src/publisher_member_function.cpp.o] Error 1
[3.508s] make[1]: *** [CMakeFiles/talker.dir/all] Error 2
[3.508s] make: *** [all] Error 2
