[0.105s] -- The C compiler identification is GNU 7.4.0
[0.300s] -- The CXX compiler identification is GNU 7.4.0
[0.311s] -- Check for working C compiler: /usr/bin/cc
[0.389s] -- Check for working C compiler: /usr/bin/cc -- works
[0.390s] -- Detecting C compiler ABI info
[0.466s] -- Detecting C compiler ABI info - done
[0.472s] -- Detecting C compile features
[0.730s] -- Detecting C compile features - done
[0.733s] -- Check for working CXX compiler: /usr/bin/c++
[0.821s] -- Check for working CXX compiler: /usr/bin/c++ -- works
[0.821s] -- Detecting CXX compiler ABI info
[0.906s] -- Detecting CXX compiler ABI info - done
[0.911s] -- Detecting CXX compile features
[1.287s] -- Detecting CXX compile features - done
[1.291s] -- Found ament_cmake: 0.8.2 (/opt/ros/eloquent/share/ament_cmake/cmake)
[1.329s] -- Found PythonInterp: /usr/bin/python3 (found suitable version "3.6.9", minimum required is "3") 
[1.329s] -- Using PYTHON_EXECUTABLE: /usr/bin/python3
[1.509s] -- Found rclcpp: 0.8.4 (/opt/ros/eloquent/share/rclcpp/cmake)
[1.527s] -- Found rosidl_adapter: 0.8.2 (/opt/ros/eloquent/share/rosidl_adapter/cmake)
[1.561s] -- Found rmw_implementation_cmake: 0.8.1 (/opt/ros/eloquent/share/rmw_implementation_cmake/cmake)
[1.562s] -- Using RMW implementation 'rmw_fastrtps_cpp' as default
[1.564s] -- Looking for pthread.h
[1.634s] -- Looking for pthread.h - found
[1.634s] -- Looking for pthread_create
[1.705s] -- Looking for pthread_create - not found
[1.705s] -- Looking for pthread_create in pthreads
[1.767s] -- Looking for pthread_create in pthreads - not found
[1.767s] -- Looking for pthread_create in pthread
[1.836s] -- Looking for pthread_create in pthread - found
[1.837s] -- Found Threads: TRUE  
[1.870s] -- Found std_msgs: 0.8.1 (/opt/ros/eloquent/share/std_msgs/cmake)
[1.943s] -- Configuring done
[1.953s] -- Generating done
[1.954s] -- Build files have been written to: /home/hernan/Projects/softwaretechnologie-uebung/uebung3/build/hello_world
[2.000s] [35m[1mScanning dependencies of target talker[0m
[2.031s] [ 50%] [32mBuilding CXX object CMakeFiles/talker.dir/src/publisher_member_function.cpp.o[0m
[3.507s] CMakeFiles/talker.dir/build.make:62: recipe for target 'CMakeFiles/talker.dir/src/publisher_member_function.cpp.o' failed
[3.508s] CMakeFiles/Makefile2:99: recipe for target 'CMakeFiles/talker.dir/all' failed
[3.508s] Makefile:140: recipe for target 'all' failed
