[0.016s] Invoking command in '/home/hernan/Projects/softwaretechnologie-uebung/uebung3/build/hello_world': CMAKE_PREFIX_PATH=/opt/ros/eloquent /usr/bin/cmake --build /home/hernan/Projects/softwaretechnologie-uebung/uebung3/build/hello_world -- -j8 -l8
[0.069s] [35m[1mScanning dependencies of target talker[0m
[0.099s] [ 50%] [32mBuilding CXX object CMakeFiles/talker.dir/src/publisher_member_function.cpp.o[0m
[1.223s] [01m[K/home/hernan/Projects/softwaretechnologie-uebung/uebung3/src/hello_world/src/publisher_member_function.cpp:[m[K In function ‘[01m[Kint main(int, char**)[m[K’:
[1.224s] [01m[K/home/hernan/Projects/softwaretechnologie-uebung/uebung3/src/hello_world/src/publisher_member_function.cpp:31:45:[m[K [01;31m[Kerror: [m[Kno matching function for call to ‘[01m[Kspin(<unresolved overloaded function type>)[m[K’
[1.224s]      rclcpp::spin(std::make_shared<Publisher>[01;31m[K)[m[K;
[1.225s]                                              [01;31m[K^[m[K
[1.225s] In file included from [01m[K/opt/ros/eloquent/include/rclcpp/rclcpp.hpp:145:0[m[K,
[1.225s]                  from [01m[K/home/hernan/Projects/softwaretechnologie-uebung/uebung3/src/hello_world/src/publisher_member_function.cpp:4[m[K:
[1.225s] [01m[K/opt/ros/eloquent/include/rclcpp/executors.hpp:44:1:[m[K [01;36m[Knote: [m[Kcandidate: void rclcpp::spin(rclcpp::node_interfaces::NodeBaseInterface::SharedPtr)
[1.225s]  [01;36m[Kspin[m[K(rclcpp::node_interfaces::NodeBaseInterface::SharedPtr node_ptr);
[1.226s]  [01;36m[K^~~~[m[K
[1.226s] [01m[K/opt/ros/eloquent/include/rclcpp/executors.hpp:44:1:[m[K [01;36m[Knote: [m[K  no known conversion for argument 1 from ‘[01m[K<unresolved overloaded function type>[m[K’ to ‘[01m[Krclcpp::node_interfaces::NodeBaseInterface::SharedPtr {aka std::shared_ptr<rclcpp::node_interfaces::NodeBaseInterface>}[m[K’
[1.226s] [01m[K/opt/ros/eloquent/include/rclcpp/executors.hpp:48:1:[m[K [01;36m[Knote: [m[Kcandidate: void rclcpp::spin(rclcpp::Node::SharedPtr)
[1.226s]  [01;36m[Kspin[m[K(rclcpp::Node::SharedPtr node_ptr);
[1.226s]  [01;36m[K^~~~[m[K
[1.226s] [01m[K/opt/ros/eloquent/include/rclcpp/executors.hpp:48:1:[m[K [01;36m[Knote: [m[K  no known conversion for argument 1 from ‘[01m[K<unresolved overloaded function type>[m[K’ to ‘[01m[Krclcpp::Node::SharedPtr {aka std::shared_ptr<rclcpp::Node>}[m[K’
[1.645s] CMakeFiles/talker.dir/build.make:62: recipe for target 'CMakeFiles/talker.dir/src/publisher_member_function.cpp.o' failed
[1.645s] make[2]: *** [CMakeFiles/talker.dir/src/publisher_member_function.cpp.o] Error 1
[1.645s] CMakeFiles/Makefile2:99: recipe for target 'CMakeFiles/talker.dir/all' failed
[1.646s] make[1]: *** [CMakeFiles/talker.dir/all] Error 2
[1.646s] Makefile:140: recipe for target 'all' failed
[1.646s] make: *** [all] Error 2
[1.647s] Invoked command in '/home/hernan/Projects/softwaretechnologie-uebung/uebung3/build/hello_world' returned '2': CMAKE_PREFIX_PATH=/opt/ros/eloquent /usr/bin/cmake --build /home/hernan/Projects/softwaretechnologie-uebung/uebung3/build/hello_world -- -j8 -l8
